TN:
SF:src/App.tsx
FN:18,App
FNF:1
FNH:1
FNDA:1,App
DA:19,1
LF:1
LH:1
BRF:0
BRH:0
end_of_record
TN:
SF:src/Writer.jsx
FN:14,Writer
FN:19,(anonymous_1)
FNF:2
FNH:1
FNDA:1,Writer
FNDA:0,(anonymous_1)
DA:16,1
DA:20,0
LF:2
LH:1
BRF:0
BRH:0
end_of_record
TN:
SF:src/index.tsx
FNF:0
FNH:0
DA:7,0
DA:10,0
DA:19,0
LF:3
LH:0
BRF:0
BRH:0
end_of_record
TN:
SF:src/reportWebVitals.ts
FN:3,(anonymous_0)
FN:5,(anonymous_1)
FNF:2
FNH:0
FNDA:0,(anonymous_0)
FNDA:0,(anonymous_1)
DA:3,0
DA:4,0
DA:5,0
DA:6,0
DA:7,0
DA:8,0
DA:9,0
DA:10,0
LF:8
LH:0
BRDA:4,0,0,0
BRDA:4,0,1,0
BRDA:4,1,0,0
BRDA:4,1,1,0
BRF:4
BRH:0
end_of_record
TN:
SF:src/contexts/Constraint.jsx
FN:10,Constrainer
FN:25,(anonymous_1)
FN:31,(anonymous_2)
FN:32,(anonymous_3)
FN:40,(anonymous_4)
FNF:5
FNH:1
FNDA:1,Constrainer
FNDA:0,(anonymous_1)
FNDA:0,(anonymous_2)
FNDA:0,(anonymous_3)
FNDA:0,(anonymous_4)
DA:5,1
DA:20,1
DA:22,1
DA:26,0
DA:27,0
DA:29,0
DA:32,0
DA:41,0
DA:43,0
DA:44,0
DA:46,0
DA:47,0
DA:52,0
DA:53,0
DA:54,0
DA:55,0
DA:59,0
DA:67,1
DA:73,1
LF:19
LH:5
BRDA:26,0,0,0
BRDA:26,0,1,0
BRDA:32,1,0,0
BRDA:32,1,1,0
BRDA:44,2,0,0
BRDA:44,2,1,0
BRDA:53,3,0,0
BRDA:53,3,1,0
BRDA:59,4,0,0
BRDA:59,4,1,0
BRF:10
BRH:0
end_of_record
TN:
SF:src/flow-chart/Flow.tsx
FN:38,Flow
FN:46,(anonymous_1)
FN:47,(anonymous_2)
FN:52,(anonymous_3)
FN:53,(anonymous_4)
FN:58,(anonymous_5)
FN:59,(anonymous_6)
FN:64,(anonymous_7)
FN:66,(anonymous_8)
FN:67,(anonymous_9)
FN:71,(anonymous_10)
FN:72,(anonymous_11)
FN:72,(anonymous_12)
FNF:13
FNH:0
FNDA:0,Flow
FNDA:0,(anonymous_1)
FNDA:0,(anonymous_2)
FNDA:0,(anonymous_3)
FNDA:0,(anonymous_4)
FNDA:0,(anonymous_5)
FNDA:0,(anonymous_6)
FNDA:0,(anonymous_7)
FNDA:0,(anonymous_8)
FNDA:0,(anonymous_9)
FNDA:0,(anonymous_10)
FNDA:0,(anonymous_11)
FNDA:0,(anonymous_12)
DA:31,1
DA:36,1
DA:43,0
DA:44,0
DA:45,0
DA:46,0
DA:47,0
DA:51,0
DA:52,0
DA:53,0
DA:57,0
DA:58,0
DA:59,0
DA:64,0
DA:65,0
DA:66,0
DA:67,0
DA:72,0
DA:73,0
DA:74,0
DA:76,0
DA:94,0
LF:22
LH:2
BRDA:73,0,0,0
BRDA:73,0,1,0
BRF:2
BRH:0
end_of_record
TN:
SF:src/lib/fillKeyPercent.jsx
FN:11,findLowerBound
FN:33,fillKeyPercent
FN:37,(anonymous_2)
FNF:3
FNH:0
FNDA:0,findLowerBound
FNDA:0,fillKeyPercent
FNDA:0,(anonymous_2)
DA:12,0
DA:13,0
DA:14,0
DA:15,0
DA:16,0
DA:19,0
DA:20,0
DA:23,0
DA:25,0
DA:35,0
DA:36,0
DA:39,0
DA:41,0
DA:42,0
DA:43,0
DA:44,0
DA:45,0
DA:48,0
DA:49,0
DA:53,0
LF:20
LH:0
BRDA:12,0,0,0
BRDA:12,0,1,0
BRDA:14,1,0,0
BRDA:14,1,1,0
BRDA:42,2,0,0
BRDA:42,2,1,0
BRDA:43,3,0,0
BRDA:43,3,1,0
BRF:8
BRH:0
end_of_record
TN:
SF:src/lib/getFixedPoint.jsx
FN:3,getFixedPoint
FN:5,(anonymous_1)
FNF:2
FNH:1
FNDA:1,getFixedPoint
FNDA:0,(anonymous_1)
DA:4,1
DA:6,0
DA:7,0
DA:8,0
DA:21,0
DA:22,0
DA:37,0
LF:7
LH:1
BRDA:7,0,0,0
BRDA:7,0,1,0
BRDA:21,1,0,0
BRDA:21,1,1,0
BRF:4
BRH:0
end_of_record
TN:
SF:src/lib/percentRange.jsx
FN:10,percentRange
FN:20,(anonymous_1)
FNF:2
FNH:0
FNDA:0,percentRange
FNDA:0,(anonymous_1)
DA:16,0
DA:20,0
LF:2
LH:0
BRF:0
BRH:0
end_of_record
TN:
SF:src/lib/stateMachine.js
FN:13,generateMachine
FNF:1
FNH:1
FNDA:1,generateMachine
DA:7,1
DA:14,1
DA:15,1
DA:16,1
DA:17,1
DA:21,1
DA:24,1
LF:7
LH:7
BRDA:14,0,0,1
BRDA:14,0,1,0
BRF:2
BRH:1
end_of_record
TN:
SF:src/lib/validations.js
FN:9,(anonymous_0)
FN:16,(anonymous_1)
FNF:2
FNH:0
FNDA:0,(anonymous_0)
FNDA:0,(anonymous_1)
DA:3,0
DA:9,0
DA:16,0
LF:3
LH:0
BRDA:9,0,0,0
BRDA:9,0,1,0
BRDA:16,1,0,0
BRDA:16,1,1,0
BRF:4
BRH:0
end_of_record
TN:
SF:src/lib/graph/FrontEndNode.tsx
FN:1,FrontEndNode
FNF:1
FNH:0
FNDA:0,FrontEndNode
DA:2,0
LF:1
LH:0
BRF:0
BRH:0
end_of_record
TN:
SF:src/lib/graph/RestApiNode.tsx
FN:41,RestApiNode
FN:49,(anonymous_1)
FN:58,(anonymous_2)
FN:73,(anonymous_3)
FNF:4
FNH:0
FNDA:0,RestApiNode
FNDA:0,(anonymous_1)
FNDA:0,(anonymous_2)
FNDA:0,(anonymous_3)
DA:15,1
DA:48,0
DA:50,0
DA:57,0
DA:58,0
DA:59,0
DA:61,0
DA:64,0
DA:74,0
LF:9
LH:1
BRDA:59,0,0,0
BRDA:59,0,1,0
BRF:2
BRH:0
end_of_record
TN:
SF:src/lib/graph/TextUpdaterNode.tsx
FN:41,TextUpdaterNode
FN:48,(anonymous_1)
FN:54,(anonymous_2)
FNF:3
FNH:0
FNDA:0,TextUpdaterNode
FNDA:0,(anonymous_1)
FNDA:0,(anonymous_2)
DA:15,1
DA:47,0
DA:49,0
DA:53,0
DA:54,0
DA:55,0
DA:57,0
DA:60,0
LF:8
LH:1
BRDA:55,0,0,0
BRDA:55,0,1,0
BRF:2
BRH:0
end_of_record
TN:
SF:src/lib/graph/index.ts
FNF:0
FNH:0
DA:3,1
DA:50,1
LF:2
LH:2
BRF:0
BRH:0
end_of_record
TN:
SF:src/machine-forms/FixedKeysControl.jsx
FN:12,FixedKeysControl
FN:21,(anonymous_1)
FN:31,(anonymous_2)
FNF:3
FNH:0
FNDA:0,FixedKeysControl
FNDA:0,(anonymous_1)
FNDA:0,(anonymous_2)
DA:17,0
DA:19,0
DA:25,0
DA:32,0
DA:33,0
DA:37,0
DA:39,0
DA:56,1
LF:8
LH:1
BRDA:32,0,0,0
BRDA:32,0,1,0
BRDA:33,1,0,0
BRDA:33,1,1,0
BRF:4
BRH:0
end_of_record
TN:
SF:src/machine-forms/MachineName.jsx
FN:3,MachineName
FN:13,(anonymous_1)
FNF:2
FNH:1
FNDA:1,MachineName
FNDA:0,(anonymous_1)
DA:4,1
DA:5,1
DA:14,0
LF:3
LH:2
BRF:0
BRH:0
end_of_record
TN:
SF:src/machine-forms/States.jsx
FN:16,States
FN:36,(anonymous_1)
FN:43,(anonymous_2)
FN:65,(anonymous_3)
FNF:4
FNH:1
FNDA:1,States
FNDA:0,(anonymous_1)
FNDA:0,(anonymous_2)
FNDA:0,(anonymous_3)
DA:17,1
DA:22,1
DA:37,0
DA:44,0
DA:66,0
LF:5
LH:2
BRF:0
BRH:0
end_of_record
TN:
SF:src/machine-forms/styles/index.tsx
FNF:0
FNH:0
DA:3,1
LF:1
LH:1
BRF:0
BRH:0
end_of_record
TN:
SF:src/machine-run/Simulator.jsx
FN:24,objectOrEmpty
FN:38,normalizeTransition
FN:55,isObject
FN:64,getAvailableTransition
FN:72,(anonymous_4)
FN:83,mergeBoundingBoxes
FN:85,(anonymous_6)
FN:127,RenderingLayout
FN:132,(anonymous_8)
FN:137,(anonymous_9)
FN:158,DomMeasured
FN:169,(anonymous_11)
FN:197,ShowAvailableStateTransition
FN:202,(anonymous_13)
FN:233,ShowStateDiagram
FN:244,(anonymous_15)
FN:271,(anonymous_16)
FN:328,(anonymous_17)
FN:329,(anonymous_18)
FN:340,(anonymous_19)
FN:344,(anonymous_20)
FN:345,(anonymous_21)
FN:435,Simulator
FN:442,(anonymous_23)
FN:461,(anonymous_24)
FNF:25
FNH:24
FNDA:2,objectOrEmpty
FNDA:2,normalizeTransition
FNDA:8,isObject
FNDA:2,getAvailableTransition
FNDA:2,(anonymous_4)
FNDA:2,mergeBoundingBoxes
FNDA:3,(anonymous_6)
FNDA:1,RenderingLayout
FNDA:2,(anonymous_8)
FNDA:3,(anonymous_9)
FNDA:4,DomMeasured
FNDA:4,(anonymous_11)
FNDA:2,ShowAvailableStateTransition
FNDA:2,(anonymous_13)
FNDA:1,ShowStateDiagram
FNDA:2,(anonymous_15)
FNDA:1,(anonymous_16)
FNDA:1,(anonymous_17)
FNDA:1,(anonymous_18)
FNDA:1,(anonymous_19)
FNDA:1,(anonymous_20)
FNDA:1,(anonymous_21)
FNDA:1,Simulator
FNDA:1,(anonymous_23)
FNDA:0,(anonymous_24)
DA:25,2
DA:26,2
DA:28,0
DA:29,0
DA:30,0
DA:39,2
DA:40,1
DA:42,1
DA:43,1
DA:45,0
DA:46,0
DA:47,0
DA:56,8
DA:65,2
DA:66,0
DA:68,2
DA:69,0
DA:71,2
DA:72,2
DA:84,2
DA:86,3
DA:87,0
DA:89,3
DA:91,3
DA:92,0
DA:94,3
DA:96,3
DA:97,0
DA:99,3
DA:101,3
DA:102,0
DA:104,3
DA:107,3
DA:117,1
DA:128,1
DA:129,1
DA:133,2
DA:134,2
DA:137,3
DA:151,1
DA:162,4
DA:164,4
DA:168,4
DA:170,4
DA:171,2
DA:175,2
DA:180,4
DA:187,1
DA:200,2
DA:203,2
DA:222,1
DA:237,1
DA:251,2
DA:252,1
DA:257,1
DA:262,2
DA:266,1
DA:271,1
DA:272,1
DA:273,1
DA:274,1
DA:275,1
DA:287,1
DA:288,1
DA:301,1
DA:302,1
DA:303,1
DA:304,1
DA:305,1
DA:306,1
DA:307,1
DA:308,1
DA:309,1
DA:310,1
DA:312,1
DA:313,1
DA:314,1
DA:315,1
DA:316,1
DA:319,1
DA:329,1
DA:341,1
DA:345,1
DA:410,1
DA:438,1
DA:443,1
DA:450,1
DA:453,1
DA:461,0
DA:470,1
DA:473,1
LF:91
LH:78
BRDA:25,0,0,2
BRDA:25,0,1,0
BRDA:39,1,0,1
BRDA:39,1,1,1
BRDA:42,2,0,1
BRDA:42,2,1,0
BRDA:56,3,0,8
BRDA:56,3,1,7
BRDA:56,3,2,7
BRDA:65,4,0,0
BRDA:65,4,1,2
BRDA:68,5,0,0
BRDA:68,5,1,2
BRDA:86,6,0,0
BRDA:86,6,1,3
BRDA:91,7,0,0
BRDA:91,7,1,3
BRDA:96,8,0,0
BRDA:96,8,1,3
BRDA:101,9,0,0
BRDA:101,9,1,3
BRDA:170,10,0,2
BRDA:170,10,1,2
BRDA:251,11,0,1
BRDA:251,11,1,1
BRDA:275,12,0,1
BRDA:275,12,1,0
BRDA:276,13,0,1
BRDA:276,13,1,1
BRDA:276,13,2,1
BRDA:304,14,0,1
BRDA:304,14,1,0
BRDA:322,15,0,1
BRDA:322,15,1,0
BRDA:462,16,0,1
BRDA:462,16,1,0
BRF:36
BRH:24
end_of_record
TN:
SF:src/styles/index.js
FNF:0
FNH:0
DA:5,1
DA:9,1
LF:2
LH:2
BRF:0
BRH:0
end_of_record
