TN:
SF:src/App.tsx
FN:11,App
FNF:1
FNH:1
FNDA:1,App
DA:12,1
LF:1
LH:1
BRF:0
BRH:0
end_of_record
TN:
SF:src/Writer.jsx
FN:14,Writer
FN:19,(anonymous_1)
FNF:2
FNH:1
FNDA:1,Writer
FNDA:0,(anonymous_1)
DA:16,1
DA:20,0
LF:2
LH:1
BRF:0
BRH:0
end_of_record
TN:
SF:src/index.tsx
FNF:0
FNH:0
DA:7,0
DA:10,0
DA:19,0
LF:3
LH:0
BRF:0
BRH:0
end_of_record
TN:
SF:src/reportWebVitals.ts
FN:3,(anonymous_0)
FN:5,(anonymous_1)
FNF:2
FNH:0
FNDA:0,(anonymous_0)
FNDA:0,(anonymous_1)
DA:3,0
DA:4,0
DA:5,0
DA:6,0
DA:7,0
DA:8,0
DA:9,0
DA:10,0
LF:8
LH:0
BRDA:4,0,0,0
BRDA:4,0,1,0
BRDA:4,1,0,0
BRDA:4,1,1,0
BRF:4
BRH:0
end_of_record
TN:
SF:src/contexts/Constraint.jsx
FN:10,Constrainer
FN:25,(anonymous_1)
FN:31,(anonymous_2)
FN:32,(anonymous_3)
FN:40,(anonymous_4)
FNF:5
FNH:1
FNDA:1,Constrainer
FNDA:0,(anonymous_1)
FNDA:0,(anonymous_2)
FNDA:0,(anonymous_3)
FNDA:0,(anonymous_4)
DA:5,1
DA:20,1
DA:22,1
DA:26,0
DA:27,0
DA:29,0
DA:32,0
DA:41,0
DA:43,0
DA:44,0
DA:46,0
DA:47,0
DA:52,0
DA:53,0
DA:54,0
DA:55,0
DA:59,0
DA:67,1
DA:73,1
LF:19
LH:5
BRDA:26,0,0,0
BRDA:26,0,1,0
BRDA:32,1,0,0
BRDA:32,1,1,0
BRDA:44,2,0,0
BRDA:44,2,1,0
BRDA:53,3,0,0
BRDA:53,3,1,0
BRDA:59,4,0,0
BRDA:59,4,1,0
BRF:10
BRH:0
end_of_record
TN:
SF:src/lib/fillKeyPercent.jsx
FN:11,findLowerBound
FN:33,fillKeyPercent
FN:37,(anonymous_2)
FNF:3
FNH:0
FNDA:0,findLowerBound
FNDA:0,fillKeyPercent
FNDA:0,(anonymous_2)
DA:12,0
DA:13,0
DA:14,0
DA:15,0
DA:16,0
DA:19,0
DA:20,0
DA:23,0
DA:25,0
DA:35,0
DA:36,0
DA:39,0
DA:41,0
DA:42,0
DA:43,0
DA:44,0
DA:45,0
DA:48,0
DA:49,0
DA:53,0
LF:20
LH:0
BRDA:12,0,0,0
BRDA:12,0,1,0
BRDA:14,1,0,0
BRDA:14,1,1,0
BRDA:42,2,0,0
BRDA:42,2,1,0
BRDA:43,3,0,0
BRDA:43,3,1,0
BRF:8
BRH:0
end_of_record
TN:
SF:src/lib/getFixedPoint.jsx
FN:3,getFixedPoint
FN:5,(anonymous_1)
FNF:2
FNH:1
FNDA:1,getFixedPoint
FNDA:0,(anonymous_1)
DA:4,1
DA:6,0
DA:7,0
DA:8,0
DA:21,0
DA:22,0
DA:37,0
LF:7
LH:1
BRDA:7,0,0,0
BRDA:7,0,1,0
BRDA:21,1,0,0
BRDA:21,1,1,0
BRF:4
BRH:0
end_of_record
TN:
SF:src/lib/percentRange.jsx
FN:10,percentRange
FN:20,(anonymous_1)
FNF:2
FNH:0
FNDA:0,percentRange
FNDA:0,(anonymous_1)
DA:16,0
DA:20,0
LF:2
LH:0
BRF:0
BRH:0
end_of_record
TN:
SF:src/lib/stateMachine.js
FN:13,generateMachine
FNF:1
FNH:1
FNDA:1,generateMachine
DA:7,1
DA:14,1
DA:15,1
DA:16,1
DA:17,1
DA:21,1
DA:24,1
LF:7
LH:7
BRDA:14,0,0,1
BRDA:14,0,1,0
BRF:2
BRH:1
end_of_record
TN:
SF:src/lib/validations.js
FN:9,(anonymous_0)
FN:16,(anonymous_1)
FNF:2
FNH:0
FNDA:0,(anonymous_0)
FNDA:0,(anonymous_1)
DA:3,0
DA:9,0
DA:16,0
LF:3
LH:0
BRDA:9,0,0,0
BRDA:9,0,1,0
BRDA:16,1,0,0
BRDA:16,1,1,0
BRF:4
BRH:0
end_of_record
TN:
SF:src/machine-forms/FixedKeysControl.jsx
FN:12,FixedKeysControl
FN:21,(anonymous_1)
FN:31,(anonymous_2)
FNF:3
FNH:0
FNDA:0,FixedKeysControl
FNDA:0,(anonymous_1)
FNDA:0,(anonymous_2)
DA:17,0
DA:19,0
DA:25,0
DA:32,0
DA:33,0
DA:37,0
DA:39,0
DA:56,1
LF:8
LH:1
BRDA:32,0,0,0
BRDA:32,0,1,0
BRDA:33,1,0,0
BRDA:33,1,1,0
BRF:4
BRH:0
end_of_record
TN:
SF:src/machine-forms/MachineName.jsx
FN:3,MachineName
FN:13,(anonymous_1)
FNF:2
FNH:1
FNDA:1,MachineName
FNDA:0,(anonymous_1)
DA:4,1
DA:5,1
DA:14,0
LF:3
LH:2
BRF:0
BRH:0
end_of_record
TN:
SF:src/machine-forms/States.jsx
FN:16,States
FN:36,(anonymous_1)
FN:43,(anonymous_2)
FN:65,(anonymous_3)
FNF:4
FNH:1
FNDA:1,States
FNDA:0,(anonymous_1)
FNDA:0,(anonymous_2)
FNDA:0,(anonymous_3)
DA:17,1
DA:22,1
DA:37,0
DA:44,0
DA:66,0
LF:5
LH:2
BRF:0
BRH:0
end_of_record
TN:
SF:src/machine-forms/styles/index.tsx
FNF:0
FNH:0
DA:3,1
LF:1
LH:1
BRF:0
BRH:0
end_of_record
TN:
SF:src/machine-run/Simulator.jsx
FN:24,objectOrEmpty
FN:38,normalizeTransition
FN:55,isObject
FN:64,getAvailableTransition
FN:72,(anonymous_4)
FN:83,mergeBoundingBoxes
FN:85,(anonymous_6)
FN:124,RenderingLayout
FN:129,(anonymous_8)
FN:134,(anonymous_9)
FN:155,DomMeasured
FN:162,(anonymous_11)
FN:190,ShowAvailableStateTransition
FN:195,(anonymous_13)
FN:226,ShowStateDiagram
FN:237,(anonymous_15)
FN:264,(anonymous_16)
FN:321,(anonymous_17)
FN:322,(anonymous_18)
FN:333,(anonymous_19)
FN:337,(anonymous_20)
FN:338,(anonymous_21)
FN:428,Simulator
FN:435,(anonymous_23)
FN:454,(anonymous_24)
FNF:25
FNH:24
FNDA:2,objectOrEmpty
FNDA:2,normalizeTransition
FNDA:8,isObject
FNDA:2,getAvailableTransition
FNDA:2,(anonymous_4)
FNDA:2,mergeBoundingBoxes
FNDA:3,(anonymous_6)
FNDA:1,RenderingLayout
FNDA:2,(anonymous_8)
FNDA:3,(anonymous_9)
FNDA:4,DomMeasured
FNDA:4,(anonymous_11)
FNDA:2,ShowAvailableStateTransition
FNDA:2,(anonymous_13)
FNDA:1,ShowStateDiagram
FNDA:2,(anonymous_15)
FNDA:1,(anonymous_16)
FNDA:1,(anonymous_17)
FNDA:1,(anonymous_18)
FNDA:1,(anonymous_19)
FNDA:1,(anonymous_20)
FNDA:1,(anonymous_21)
FNDA:1,Simulator
FNDA:1,(anonymous_23)
FNDA:0,(anonymous_24)
DA:25,2
DA:26,2
DA:28,0
DA:29,0
DA:30,0
DA:39,2
DA:40,1
DA:42,1
DA:43,1
DA:45,0
DA:46,0
DA:47,0
DA:56,8
DA:65,2
DA:66,0
DA:68,2
DA:69,0
DA:71,2
DA:72,2
DA:84,2
DA:86,3
DA:87,0
DA:89,3
DA:91,3
DA:92,0
DA:94,3
DA:96,3
DA:97,0
DA:99,3
DA:101,3
DA:102,0
DA:104,3
DA:107,3
DA:117,1
DA:125,1
DA:126,1
DA:130,2
DA:131,2
DA:134,3
DA:148,1
DA:159,4
DA:160,4
DA:161,4
DA:163,4
DA:164,2
DA:168,2
DA:173,4
DA:180,1
DA:193,2
DA:196,2
DA:215,1
DA:230,1
DA:244,2
DA:245,1
DA:250,1
DA:255,2
DA:259,1
DA:264,1
DA:265,1
DA:266,1
DA:267,1
DA:268,1
DA:280,1
DA:281,1
DA:294,1
DA:295,1
DA:296,1
DA:297,1
DA:298,1
DA:299,1
DA:300,1
DA:301,1
DA:302,1
DA:303,1
DA:305,1
DA:306,1
DA:307,1
DA:308,1
DA:309,1
DA:312,1
DA:322,1
DA:334,1
DA:338,1
DA:403,1
DA:431,1
DA:436,1
DA:443,1
DA:446,1
DA:454,0
DA:463,1
DA:466,1
LF:91
LH:78
BRDA:25,0,0,2
BRDA:25,0,1,0
BRDA:39,1,0,1
BRDA:39,1,1,1
BRDA:42,2,0,1
BRDA:42,2,1,0
BRDA:56,3,0,8
BRDA:56,3,1,7
BRDA:56,3,2,7
BRDA:65,4,0,0
BRDA:65,4,1,2
BRDA:68,5,0,0
BRDA:68,5,1,2
BRDA:86,6,0,0
BRDA:86,6,1,3
BRDA:91,7,0,0
BRDA:91,7,1,3
BRDA:96,8,0,0
BRDA:96,8,1,3
BRDA:101,9,0,0
BRDA:101,9,1,3
BRDA:163,10,0,2
BRDA:163,10,1,2
BRDA:244,11,0,1
BRDA:244,11,1,1
BRDA:268,12,0,1
BRDA:268,12,1,0
BRDA:269,13,0,1
BRDA:269,13,1,1
BRDA:269,13,2,1
BRDA:297,14,0,1
BRDA:297,14,1,0
BRDA:315,15,0,1
BRDA:315,15,1,0
BRDA:455,16,0,1
BRDA:455,16,1,0
BRF:36
BRH:24
end_of_record
TN:
SF:src/styles/index.js
FNF:0
FNH:0
DA:5,1
DA:9,1
LF:2
LH:2
BRF:0
BRH:0
end_of_record
